<?xml version="1.0" encoding="UTF-8"?>
<!-- Generated by org.testng.reporters.JUnitReportReporter -->
<testsuite hostname="01-18-dhanaarvina" failures="0" tests="1" name="TestCase1" time="4.113" errors="0" timestamp="2023-02-08T10:12:30 ICT" skipped="0">
  <testcase classname="TestCase1" name="firstTry" time="4.113"/>
  <system-out/>
</testsuite> <!-- TestCase1 -->
